500
0 6119 7559 7757 3315 7227 6597 6299 8114 2411 2349 2327 1752 2962
1 7590 4729 2185 4895 1278 7433 2647 7573 7309 2420 3666 5064 7762
2 4871 9253 6265 5147 8887 8868 809 6887 5679 2066 5465 8775 4928 745 2288
3 6527 4047 2454 7028 5204 8718 9494 9522 9752 836 991 2340
4 3881 7257 4631 2126 5377 5206 7231 8617 6731 1401
5 6606 4181 2834 3364 7014 6925 1927 9774 6634 425 6374 7240 321 4199
6 5500 9186 4249 9771 1713 3296 9737 8549 6005 7198 6854 3750 9238 1557 5869 7575
7 3058 9200 2845 9304 9116 6079 7302 8603 7711 1752 5451 476 8484
8 4240 3809 1235 1099 568 6745 4192 5470 5112
9 3801 230 549 4297 7674 9963 4685 6188 5131 2904 7732
10 4555 8040 2825 3525 2317 8274 2718 2881 9746 2604 9930 9007
11 5382 4981 8576 4955 5057 5195 9579 6457 475 3521 2643 2962
12 1760 1037 4942 4737 1626 8446 8253 2300 7677 4913 5869
13 5018 4672 4351 7743 8292 885 9662 8891
14 4090 7183 8949 3274 5529 4563 7072 6746 1180 3895 3753
15 7522 8237 8079 3953 5805 7500 4858 3415 4892 4787 4639 3700 2327 2962
16 4082 3473 2081 3544 3500 4058 8752 5703 4870 8068 7153
17 8357 7825 9627 9663 3038 7257 3975 1894 4911 6298 5643 6327
18 5595 3952 3461 6884 8426 9479 2243 4677 7173 6537
19 7196 7659 4186 3211 1754 6703 6574 5532 3149 6144
20 5381 2614 4274 1029 9822 5693 3691 2712 7354 127 7489 9816 5171
21 7654 2498 1214 779 827 6511 4296 52 1498 753
22 2208 3525 8976 6432 6167 1635 6619 6668 4548 6662 5880
23 8149 3201 4564 6119 2287 778 562 9811 4903 1079
24 7051 6410 852 1807 7900 3534 7823 8346 955 569 3144
25 3697 8265 9845 3420 8009 8438 9370 8324 6769 7562 9846 5638 1601 4311
26 7313 7662 6748 2765 9984 8540 2297 3468 6255 7067 7710 1774 6613
27 8383 6552 3953 9715 5624 6590 7797 6550
28 4061 4597 8674 1160 3959 948 6628 562 3286 4907
29 3126 5759 4130 9605 4805 8453 4162 8080 9208 9318 1749 9777
30 9571 498 1999 2443 8304 165 6533 4638 1889 6434 8145 1125
31 8624 9585 5543 3452 83 274 50 8317 7179 4066 3937 9465
32 4738 6085 9773 4701 2045 5622 6724 5521 4566 4314 2340
33 7334 9656 2539 3453 5561 8774 2077 3365 2658 9556 8343 977 719 4340 6986
34 1119 9019 7140 8379 3194 8473 108 5618 5999 8221 1009 7519 2121
35 9274 4935 2854 9054 5436 4993 3448 9531 9883 2404 8248
36 6571 6577 282 6831 7491 938 7580 9519 4944 4923 3236 3012 6771 79
37 1561 1334 1385 3369 8271 1300 1481 1224 2892 5448 6139 9013 3758 1238
38 5818 2674 3919 9552 6439 2829 7218 2181 9684 574 3836 4020
39 3849 4380 3051 4927 2614 8147 1650 1321 7912
40 4693 1170 3992 6618 7745 8057 6971 94 3546 2191 6692 979
41 3862 1027 8783 3949 615 1671 9001 8968 3664 3377
42 6107 298 1000 568 7547 2523 2984 2996 4091 205
43 502 6279 5016 5282 150 4061 9446 8494 3380 1831 9930 7880 5507 9007
44 9846 4005 6207 5992 1015 4032 6192 8240 9900 2884 2414 9374 4035
45 5264 8558 4961 2557 5697 186 7623 8138 5824 1117
46 5188 348 6186 2934 8879 4562 8328 5137 1433 3704 7997 1534
47 5285 7248 2002 8835 8560 5897 1160 4479 540 7694 8223 7413
48 2423 5278 4401 845 5374 1881 1241 4687 3278 4608 9082 1846 3427 2962
49 586 2272 6278 4411 6473 9479 7418 3929 4077 1527 5316 321
50 5314 8353 4923 7655 6035 8399 2563 7526 8677 1473 2947 9199 3074
51 4620 6752 3196 3881 8435 8630 3508 6904 179 5775 5445 8134
52 7726 9552 6171 7222 7174 995 1228 4316 3225 3602
53 8155 3693 6006 6507 2314 3230 7663 8683 8676 3531 9903 8375 1984
54 6079 5926 4538 7326 3479 1416 6929 9872 4501
55 5410 2722 8575 8448 8234 2623 3150 830 6721 1204 4528 2904
56 6718 3990 7700 4192 929 4417 4028 5297 9154 220 6258
57 6081 1787 2840 5161 3218 995 1484 1680 6974 4004 4843 5111 9483
58 3090 5119 747 4142 1046 6700 884 3081 5658 9669
59 3987 2111 466 378 8297 9250 7644 4486 1411 3971 2666 148 7438
60 2587 8261 4417 3474 3300 3086 542 397 7350 7048 3841 6486 5014 5507
61 2257 4440 5739 634 5512 3922 4617 6371 8710 6244 139 8470 7429
62 6784 1563 2035 7263 7650 4960 5310 5195 6068 1216 9007
63 6572 1695 5675 7785 3339 1233 1056 2296 9065 1297 732
64 3911 4588 5238 9009 6600 9729 3446 2655 8528 6734 3753 9199
65 237 5664 2817 5682 7501 2561 620 5610 78 1140 3043 2915 3932 5899 221
66 7334 936 8702 5651 6768 938 80 3413 396 345 6114 863 5997 8920
67 7818 2530 5249 7578 1285 8956 2768 4688 9352 1140 1625 9244
68 9214 4927 8460 1753 3744 8547 9792 6674 5719 3371 8125
69 9953 2659 8661 6571 7851 3062 8460 3310 7339 8473 1710 6196 2240
70 3197 3139 915 2418 9736 2440 6593 921 3164 2766 9720 4004 3103 6021 2240
71 3690 5009 5644 2238 5578 9118 5016 5255 9912 2117 2265 1752 2643 8663
72 8356 6874 739 9952 1735 423 7066 1201 5981 2175
73 2716 5671 4126 7462 459 5944 8918 252 4681 7565 1554 7240 7120 1668
74 2041 2751 6870 5796 3738 8186 9861 4899 5085 1916 3528 9852 1134
75 5773 8430 526 5543 773 7292 9420 2495 7386 4461 2767 1763 8116
76 2390 3428 6295 1333 6023 9941 5265 9634 688 4539 2327 6134 6547
77 2357 2925 83 6407 4922 545 7999 1326 4469 9988 1343 79 3758 2
78 7233 9650 1594 3929 1014 330 6183 7497 193 8223 4377 5880
79 5601 9656 6842 4751 2789 1474 3701 6125 6686 7974 2943 1790 4180
80 8818 7106 4440 918 364 5529 3360 5949 2028 325 5526 2414
81 8317 5745 17 2582 7598 8627 1368 3426 3774 1542 7864 9224
82 2619 3722 7603 944 2687 3295 6010 6559 9067
83 6267 5308 4434 5268 8120 7779 202 909 8629 4739 1025 5175 427 4035 2240
84 9590 4700 9621 967 970 2812 5378 1201 7526 1375 7852 2155
85 433 5924 5811 5967 8136 9042 5002 9782 9237 3568 2029
86 6518 7516 2226 1757 3979 7784 3131 5372 459 8693 6584 9933
87 9284 7757 2102 5875 9475 9432 1919 2980 1070 1719
88 2959 1291 4103 5074 7393 5092 3662 3030 6695 3885 1121
89 5986 9011 2695 7127 7543 4109 2102 6745 569
90 23 4708 7577 9850 4511 2814 8511 5483 926 4796 7936 7822 188 7852 7266
91 8175 6607 7217 87 1417 5232 1098 5092 6484 2192 205 4985 9615 5507 6613
92 2961 864 1006 7215 9082 2832 1433 4841 8439 3728
93 1758 3839 2449 8263 2710 4952 2717 8457 3038 9503 4948 3751 1668
94 2048 1630 136 1583 5185 6031 3929 182 3296 5524 7456 9230 9139 7852 2555
95 6996 7353 9243 3034 3996 3777 6758 767 2152 5049 372 8841
96 5551 2054 685 8847 1389 2953 1275 7641 6140 2590 647 9199 3032
97 4443 886 2701 4685 3182 6276 9997 7225 873 574
98 5625 3735 9231 4851 2457 1336 799 1609 1881 5698 1625 9968
99 2405 2796 3488 9534 7639 500 7369 3912 9243 3032 2013 7762
100 2621 2225 9915 3223 7748 34 4963 509 92 1585 2240
101 1344 3413 319 216 2848 5075 735 7918 9587 6305 7653
102 7684 9103 2148 6655 373 2534 5985 1482 9479 8991 5217 9086 2288 3894
103 5191 825 171 4090 1986 2960 5503 4094 4568 4812 4728 8830
104 3611 5683 6563 73 185 4323 320 6798 116
105 6013 3423 2448 4392 161 4895 577 9620 2413 5869 9244
106 1226 4987 3536 915 4467 6904 4861 2040 3820 8209 1238 8293
107 5967 8673 5624 1804 5147 1063 2313 3939 5067 6978 2121
108 3055 3992 4543 9495 8405 4581 94 2946 5330 958 2465 7120 9615 4985
109 236 6300 8147 806 9000 3086 5592 1655 9657 774 8256 513 8193 3240 5003 7413 4314 2240
110 750 9492 392 1093 5246 1649 5135 8647 2307 9908
111 1371 3536 3466 5023 2219 9817 9452 1241 3524 6727 9230 1534
112 5950 9210 7010 4214 4999 9006 6725 1493 2354 9842 4020
113 6795 3250 5469 4738 3957 3397 7079 6601 5591 7733 5546 4801 3077
114 3441 9782 3177 8460 1005 8552 8829 6043 14 4390 1081 2041 5966 3894 1956 3316 1299
115 7648 4135 2553 3130 5447 1660 9291 2804 705 5326 1401 183
116 8895 5456 9824 7512 3523 3078 5296 301 4664 2962
117 8511 9611 6205 9189 8429 8857 6318 6255 5502 875 3932 3032
118 2159 187 9256 5310 6016 7460 9666 2177 6384 4183 2147 5784 7902 1353 3877
119 2139 3628 9729 446 9108 1864 6381 3210 7601 9869 1499 9842 4399 7438
120 3438 1137 3421 1742 9926 416 8866 1372 7482 7153 3936
121 4852 4611 9678 2535 1575 2048 8621 4003 752 4958 4352
122 8505 2973 7972 2784 1268 7341 5349 3725 6603 851 5932 7725 8518 552 4909 9968
123 1927 9586 224 141 9725 9489 4415 4351 7804 2878 2437 2555
124 7705 40 5889 810 2975 4536 7779 6971 16 1528 5821 9043 6584
125 4172 8226 8271 3470 6247 6040 6944 7196 8715 1504 1328 1984
126 8707 6109 8779 7500 2170 7264 2546 4086 6730 469 3474 9453
127 5506 1949 3314 3292 5139 5718 562 9635 3638 8922 2774 200
128 8575 6333 3565 7731 7960 5210 3829 4113 5132 9518 8671
129 8803 5940 5734 5828 9334 1795 5472 5549 6401 8636 6731
130 8336 572 7416 6803 4051 2968 8545 7293 3835 5532 4313
131 1501 7887 5296 3375 576 767 52 5370 3215 964 4040 647 9008 1625
132 2018 6589 6527 5567 962 5425 3353 6562 7068 3074
133 71 9514 5537 1270 7317 9115 137 8114 3821 3536 487 732 3032 2986 1299 5715
134 5079 4862 3444 9888 2241 778 63 9704 6605 5072 8922 6672
135 6031 4320 5633 8851 8047 9070 2519 1814 9980 2681 7791 1731 321
136 7166 9764 5837 5222 9552 338 7810 1005 5548 5458 7699
137 9419 870 2842 1787 2488 2089 5271 5114 3450 3053 7880 3936
138 6583 500 5939 9486 8078 1230 4455 6392 296 5539 7049 3521
139 4184 9308 5790 3523 599 4593 7190 5629 4921 9374 9713 1774
140 4899 4131 6096 3210 3399 9084 5647 644 2459 2101 3869 7699
141 658 6607 5799 7458 6227 6796 8949 1988 688 355 7699
142 1610 5037 2564 7470 1494 4450 1199 6406 696 818 1176 1429 5219 1343
143 2347 1660 8148 8872 921 6571 5147 5572 5214 4147 9106 2699 437 2790 7413
144 1038 4282 6755 1606 2849 3995 7069 5815 7186 5002 6075 7553 4824 8183 935
145 9402 4192 2076 7442 1902 1437 1575 3250 4514 1534 4728 3877
146 8075 3677 3097 1324 3832 3455 5355 8972 9570 4437 6270 8307 5880
147 6830 4775 2980 6379 5778 4678 5400 3156 2365 174 7219 5099
148 3176 7098 2535 635 408 6176 8749 6092 5226 6883 5326 238 6101 4199
149 6940 319 7471 7319 9459 3983 4408 3185 9478 2615 6827 7438 3936 6613
150 3955 6682 6078 7768 1099 4955 8482 8729 7864 8994 3012
151 8972 6707 8930 7778 3650 3421 288 4837 2109 4823 3395 8491 9244
152 8849 1841 6878 6320 2742 883 5002 6788 8974 2331 6178
153 3455 1172 7700 7735 5081 7066 9760 8904 3894 2615 3758 5715
154 1735 5506 1308 7735 9855 124 1026 4264 7831 6137 9205
155 2367 3464 426 4365 2672 1447 166 1038 625 7333 2109 3023 4326 5064
156 1362 3162 2484 9779 1022 59 3827 7552 5925 3111 1668
157 1187 2153 9115 3500 4721 7869 6697 3414 6973 2607 5437 199
158 1675 5637 5733 293 5878 8707 9288 626 4401 8242 1981 8431
159 9644 3627 2772 9127 5524 4299 1862 728 1043
160 3729 5601 9638 6664 242 31 2285 8510 3272 3728 5248
161 5186 386 2587 6661 3658 85 3059 7633 8423 3584 8832
162 8047 1903 6738 2262 1415 1643 303 7910 4841 9753 1492 9834 925
163 5510 5011 5062 3436 6426 7520 7866 2089 3837 4501 5677 9903
164 2045 3152 6666 2194 6461 748 3822 3804 4914 4038 1041 1956 7919
165 2020 3733 8281 8611 8076 8897 7931 7391 767 8711 7736 4765
166 7938 6208 1459 3176 5167 8867 5892 459 2051 6416 873 6748 8910 4180
167 3018 3340 9203 433 1518 1218 4181 2855 8636 7391 569 6613
168 202 9696 7376 9455 7027 9022 5196 6985 2752 8442 2685 8671 7699
169 1339 3302 7381 3100 1603 2587 4899 6616 7265 9947 3135
170 8412 4408 6079 2700 7565 811 9729 6494 9723 6236 7153
171 7273 5806 5935 470 716 8621 4383 5410 6630
172 6573 1594 8028 3171 608 1418 5259 3459 4664 6537 8431 2128
173 5274 6225 9333 2333 4976 1618 5988 1909 3942 2184 9120 105 4020 8005
174 3469 8597 4576 5314 7870 3589 7894 945 8178 9834
175 4996 1755 4722 9762 578 1925 6121 6883 7864 9129
176 2435 9460 4490 886 2980 9641 7799 6674 6274 6778
177 6846 1755 1131 844 1973 1617 1700 7657 2569 9669 7438
178 9297 5395 4993 571 4552 8744 6761 8024 5596 1393 3885 3113 4035 3012
179 6951 9035 1796 4448 5588 7417 3009 7559 2407 9659
180 8070 7051 7323 9005 498 6309 6580 6328 5927 155 6054 7852 7055 3936
181 841 6176 2388 3428 2547 3556 9179 4125 519 732
182 5608 769 2592 1212 4846 1662 5919 9725 9436 6073 5762 9075 79
183 7310 3387 6517 2219 1170 3594 8906 7505 5193 1774 2923 3012
184 71 7343 6185 5016 6636 1481 5597 3591 4184 5155 7087 7949
185 8393 8301 4594 7878 3915 5856 4789 5012 1050 6978
186 4630 2347 9726 5956 1993 6901 4938 9122 9426 1904 6161 4664 5412
187 7608 3136 978 9867 4576 2226 4073 2116 3518 9451 2978 135 1979
188 8168 5336 805 2216 1152 4521 3534 7866 5818 1912 8986 4352
189 15 6570 3205 8143 760 7785 9978 5509 7706 8715 5849 5112 3521 7883 2555
190 5844 204 4891 6709 3503 1038 9781 5126 4679 6635 2340 2121
191 8577 8149 6840 7286 5291 6969 573 7411 7136 6281 6021 5341
192 5924 8745 3689 258 1011 3897 7322 9971 894 4326
193 6371 4871 2765 8974 6814 6096 6088 7301 4679 8431
194 916 4862 6947 6205 1155 6165 1574 333 6412 9940 447 79
195 4554 3417 888 3131 3799 9041 9703 4724 7526 8957 7392 3753
196 6103 408 6010 6893 7376 3280 5364 3650 5508 7210 405 6082
197 6605 8674 6983 6392 144 6432 1268 326 517 6538
198 2229 2906 5959 6931 6703 4154 8532 4336 1924 7070 9141 61 7048 5677
199 1943 6659 4877 7609 7181 5893 8208 6058 4546 1869 3842 2344 374 2904
200 5224 2934 9557 2973 9662 6510 1823 7667 3397
201 8272 181 953 3815 2655 4992 7220 6147 9586
202 436 3297 7338 2291 8945 169 8886 373 471 7902 6369
203 7738 2656 8238 7211 4325 8682 3272 5185 9395 1083 8883
204 421 2093 8479 6017 3794 5274 5016 7842 367 9075 1383
205 3691 5971 8745 6228 1489 4062 2338 1616 887 75 8687 4107 9299
206 1991 9739 7700 3247 895 8741 810 348 44 7699
207 9096 923 7619 6614 5968 7898 9123 1257 960 90 8227 84 4340 9013 4901
208 1558 1385 1417 4435 8261 3426 8481 2625 2264
209 1703 2157 653 9450 7034 2330 6405 8247 4799 2773 6458 4664 3758 3894 2
210 1162 3804 5952 2842 2104 1150 9648 2677 1860 22 3907 9462 7550 518 4060 420 9244 2555 6613
211 2503 6262 5378 1803 1002 3658 7533 4430 5771 9063 1799 3316
212 5444 9504 5729 5380 4094 6040 8884 8745 3220 1705 3316
213 3324 5287 5165 4687 5967 5931 3978 7862 4619 6712
214 8971 2530 7500 8080 2431 4955 1887 8475 8554 7088
215 5914 7047 170 5541 6116 4961 8872 9314 2987 3656 3316
216 7655 8427 7533 8273 7441 6231 3357 5706 3074 5507 9199
217 6868 2660 6973 1340 8909 215 5106 1913 4371 4034 3982
218 4589 932 5717 1349 6707 6879 2348 316 5632 76
219 2849 5720 3265 6155 8161 8529 2841 2431 5454 5804 8614 6537
220 2743 5394 2173 4684 4150 5624 5243 5691 3437 3093 9931
221 2400 9257 769 9611 9796 8740 9165 6380 7710 79
222 4456 2151 4607 6436 5900 9011 9693 3057 3243 1984 3936
223 2108 9698 8777 2786 5338 2722 7700 2971 4583 6608 3023
224 2040 190 5297 4969 9411 8266 1597 8590 3968 4170 3074
225 520 1703 29 3671 7502 9103 5537 6380 4958 1934 4965
226 3939 5488 3321 6399 1809 3149 9857 3673 6864 6758 979
227 1390 2658 8801 3174 294 4383 711 5103 7169 5090
228 6607 5935 9511 315 8203 9103 4902 1715 6454
229 1844 7263 9967 5792 4630 931 8622 4330 7965 5909 2651 7296 541 427
230 2557 4366 7532 6801 4861 8139 5530 1052 3870 7664 3316 4176
231 3619 5830 2457 1743 8964 4447 3452 5795 2066 9608 5748
232 1915 5463 8013 4977 9472 2017 8597 6838 3413 4742 9898 9073 6074 4901 935
233 1748 7428 720 9472 1013 5576 1040 9612 8107 5153 9224
234 5334 6006 330 6791 9288 7799 6623 7453 5584 8307 1868 952 3111 8812
235 3182 7952 1407 2336 2841 1744 4073 9653 8142 3207 8284 7762
236 3971 2104 8097 2147 7448 4895 4451 1889 5323 5650 3859
237 3577 3185 1473 5118 9801 5706 8772 7250 3520 7379 8580 7456 569
238 4261 9326 1316 6713 1691 2102 7962 8622 720 4400 7
239 4897 1052 8525 8510 5130 9071 5952 1482 6324 2858 6095 7438
240 4685 684 9395 6788 6866 5608 2878 2836 6487 5925 9215 8722 4311
241 5297 9927 3600 653 1371 9567 3703 4826 9063 3020 9461
242 758 1437 2165 9687 7002 2370 2587 3185 6747 5326 9483 352 8125
243 3988 5082 3807 9779 2766 3177 1389 1813 9948 4084 3146 9775 3758
244 5418 4238 7275 5487 555 5048 5499 590 8703 9427 2962
245 8291 695 9239 7492 1278 9658 7314 5291 7149 7593 135 8116
246 1037 5091 1975 3212 9307 331 4869 3021 6048 7845 7864 4352 2643
247 6825 6887 6776 9358 2672 1170 3952 8871 6773 8994
248 2374 2788 5422 382 7038 6 8184 9153 3219 7791 6056 6718 7259 2121
249 3387 3439 197 7830 4319 8686 6111 2485 7868 5165 8387 3077
250 5568 7551 1320 8096 3062 6108 6093 6336 8248 3023
251 9756 4160 9766 3955 9096 6444 594 8473 8692 6515
252 4103 6858 3266 2794 578 1286 324 1102 9953 6544 5543 4400 139 5340
253 6180 7866 360 3319 9439 4987 4030 7496 3440 7438 5412
254 3747 1654 4267 7516 4736 2104 3187 456 4940 9032 8051 385 1476 2422 1668
255 5613 2641 8560 6721 1115 7308 9555 5092 2933 1042 8994 3758
256 1639 2817 7435 3301 6349 320 2683 501 47 1927 1289
257 5707 1067 6552 5575 9894 2620 5919 9720 5690 511 1625 6547 6021
258 5640 2816 5598 2450 4522 4647 6732 8283 8262 1375 9842 4020
259 8750 6328 9497 8330 8419 1838 8437 1883 5254 3285 5758 935
260 6633 3565 6145 9142 3396 6535 6616 9254 5739 3714 247 8612 6187 7762
261 4511 5926 6027 2545 2548 7897 4447 8077 4614 4765 4901
262 3301 3211 8285 7837 3949 3966 4545 2145 2673 4855
263 7269 5231 72 550 5282 2329 9322 9917 6800 4934 9950 6615 4352 9129 321
264 4465 4485 853 3524 7225 3516 5319 8916 4300
265 846 9981 1684 9417 6502 840 5646 9701 2422 2
266 5803 4049 8383 2681 9804 1620 6038 7524 453 948 4528 7929 3371 7153
267 5336 9917 5057 6209 408 3526 4671 436 1205 8766 6390 8599
268 9762 2351 5727 4146 3920 5782 801 1585 1571 2182
269 5920 2772 6518 3200 2530 7277 2343 2861 8888 4230 1979
270 5364 4774 8744 6909 5403 6917 5443 1958 807 7138 1772 6232 1174 5848 8994
271 5640 5957 2671 333 5672 8199 5319 9182 8733 4286
272 6248 2989 4166 6394 7999 203 7419 2510 7816 2057 6054
273 8454 957 9537 9099 7375 3100 1891 5442 2283 8713 321
274 7581 3595 7819 9541 5325 1520 4518 7653 3524 6281 496 4180 6547
275 1333 4158 6142 1544 1022 1798 3763 5931 3104 5407 9244
276 3895 8626 3744 4391 6265 3568 4288 3122 3429 6534 5783
277 668 2587 5926 162 1390 1724 3311 6726 7479 7336 6631 8693
278 9691 7100 1698 7288 9471 3590 2680 7051 4666 4359 1670 4151
279 7052 1639 5204 624 3421 7113 8834 3418 2269 3064 8235
280 2567 1340 8346 5619 8521 6791 2075 1602 2003 8716 2904 4352
281 6255 3216 4935 3938 7951 5931 5628 4915 4771 2540 6547 3074 5412
282 8280 9076 3995 2632 836 5684 4038 2852 1496 5715
283 1229 95 1135 4229 2473 2481 9070 3492 7586
284 7036 3169 704 2200 5595 4951 67 2361 4472 1606 5831 9961 7219
285 1089 5447 9192 6757 5127 7535 4200 284 1667 2401 647 979
286 2610 309 6290 1708 119 7047 9158 2916 340 4199 5862
287 4248 3514 9402 6818 7792 2561 35 6045 329 9580 7055 116
288 5574 7019 9220 4476 8768 1516 3873 2589 4043 4752 9374 4901
289 6210 5419 2054 2557 8511 8565 9203 5240 6201 208 5445 311 9545 1984
290 3698 3389 7159 5355 7150 2395 9966 8578 5052 8487 1454 8812
291 5133 3912 1321 8381 3655 7327 9475 6141
292 7982 4555 2131 7614 3182 7014 3614 2558 8600 3935 8841 569 1774 6101 2
293 9458 6569 8605 4439 5144 2581 2969 6519 6574 4707 2264 3012
294 2172 9061 1035 3318 2124 3941 2020 9654 171 4129 550 3836 7883
295 6583 419 5853 6794 6097 3773 1082 8069 5966 8068 7652 9533
296 6781 7906 6993 2599 6002 587 4445 1362 6453 7699 4027 2327
297 9181 1170 7571 6704 7248 3010 5098 9179 330 987 5662 7987 583 3427 6327
298 1228 7784 5344 4586 5186 4871 5920 3505 7125 9643 3596 7244 7434 6285 3103 4664 1668
299 6157 7480 9090 2069 3215 3759 2481 1278 6580 7254 8293 935 5715
300 7238 4373 142 2386 9459 6220 114 6552 5589 7012
301 8505 2436 2119 7441 599 2472 4996 8581 6404 3074
302 7382 7974 5835 8725 8736 6993 2914 664 7108 726 1984 3163 3758
303 5652 7043 6636 2665 1870 5806 3803 189 7172 8893 1763 3023
304 3187 6661 894 5404 344 9811 7916 3413 4340
305 5739 9079 1599 2523 3168 2154 3810 141 3631 4423
306 6408 4987 7773 3682 5717 5515 4467 7757 4758 7786 8269 2608
307 4604 743 5402 2725 9287 7830 6243 9766 1550 4562 5762
308 7667 2998 9729 2133 1848 6399 3419 5683 6115 7055 6258
309 1087 890 9967 5337 2401 3859 9647 8952 1869 427
310 1372 4681 2861 4654 6090 570 401 6727 1784 9075 4664
311 7111 7543 1405 1946 5382 2587 5471 1595 6803 3882 935
312 286 4373 4175 8173 3407 1046 9534 4506 5247 4683 3576 4340 9533
313 6510 8777 1771 9490 9437 778 2011 5300 2650 9007 2773 2052 3074 5507 9013 6101
314 5749 6249 5426 9609 3571 2434 5236 3954 4414 3675 9354 321
315 5683 6723 3116 6974 2027 3108 8088 2669 3235 3304 8894 238
316 7302 5500 6906 3824 9222 3202 2097 1207 657 4089 2433 1058 1125
317 670 9838 256 8681 955 7861 4136 8269 383 9058 1970 9088 9732 1571
318 1420 2471 8216 3940 8322 7654 287 6555 5329 9023
319 3441 2308 4209 1415 6774 7539 306 9320 2514 2656 5547 2155
320 8854 4476 6703 5281 9137 7453 9156 1094 9315 8982 238
321 7942 1239 1517 1906 923 4098 3635 5520 9086 4909
322 1489 830 1089 3683 7776 4218 7142 8746 3600 479 1813 4378
323 3601 1019 6439 5590 811 8602 4681 4324 5813 9986 8396
324 5300 7022 1926 9038 217 3904 8928 9100 1751 7233 4974 3144 3004 7949
325 9944 1880 7357 1701 2172 6600 7691 2635 9074 5177 7806 2155 3584
326 3351 3299 6710 2778 4611 1475 3198 3818 4035 8431
327 9284 7079 3276 1576 1000 3539 70 3021 1833 4410 4806 1175 3728 7949 9007 8994
328 162 1614 7528 1716 836 9726 8118 331 1944 7762
329 1144 5806 1515 1217 8510 8869 2920 8660 8226 4324 8491
330 3337 7377 7532 5534 8889 4322 2004 7628 3746 1515 1948 6258
331 9610 2076 8568 3876 6185 9345 1102 1555 2715 6914 732
332 9361 8353 8177 5137 8737 6017 8758 2888 3427 5322
333 9792 550 7884 3289 5867 2201 6792 6674 4605 5837 1103 6014 5219 6170
334 5276 242 6273 6818 294 4600 4773 1310
335 8214 3030 1405 5972 9308 1450 2500 5918 8989 2823 5702 1117
336 9966 4935 6109 5134 3423 973 2068 8422 8836
337 289 2334 2234 4872 2391 1111 3425 3373 7018 5292 2014 7912 4011 9023
338 5266 1157 378 8767 8199 6552 7945 2228 9046 9593 1986 8910
339 769 7010 9660 4218 5913 7181 1603 8477 8970 6161 7429 8832 7153
340 9288 6629 8382 1894 1192 3915 8586 7028 7304 2783 5175
341 9463 1130 5957 2977 8504 5730 2585 6325 3726 224 1644 1175 9573 369 8125 5962
342 2919 4421 4145 6896 1200 6023 4066 6217 172 2533 3877 6049
343 3337 6194 1827 2807 4158 9519 7414 1485 7696 4988 9301
344 5241 564 4882 4555 6211 951 7416 4438 5367 9810 1165 8599 3528 9007
345 4800 6304 6828 9382 4982 7947 4024 960 5677 2892
346 4290 1589 2587 5243 4006 1089 6357 6142 650 7949
347 1691 8774 2436 6233 1693 5291 1610 9289 9216 1319 8005 9533
348 489 4433 2273 5281 8650 1621 356 6988 1592 8294 6362 9404
349 3698 7002 4201 3417 2886 6558 9491 51 872 7786 447
350 86 7631 2756 2291 1972 1052 692 5736 7802 1848 1752 7438
351 8590 7763 5438 1507 2511 8778 3296 5262 1395 3728
352 2995 7721 8972 9402 5913 6679 9855 7959 6899 8183 3830 6938
353 9776 2122 5357 562 9746 7810 3450 122 1134
354 8308 626 7743 1045 1193 6368 9115 6480 8549 4931 1652 3792 4176 6547
355 6245 2985 5858 6979 9980 7589 1549 6174 5514 6095 5014 935 2240
356 490 8434 1207 6442 9513 8510 6235 1246 8267 5445 9979 9931
357 8224 2456 3264 1288 6098 7963 2067 4808 3612 1752 3077 8134 5412 8994
358 6602 7839 3803 6224 274 6443 5282 5740 4689 3795 1289 183 6482
359 7352 1686 7560 5703 8916 4751 4016 9353 8683 948 5594 1750 1117 9848 7055
360 6660 6226 4303 9475 8481 388 8171 8247 4001 3705 1332 5471 1134
361 1797 4977 6945 473 8484 3759 4969 6563 4182 1459 5572 6861 8887 6534 8293
362 5290 7381 9511 2391 608 1251 4033 3483 6461 2209 7088 4176
363 1883 6908 4706 6760 7452 835 398 801 8806 7454 1904 7997
364 9407 5712 7909 7417 1165 6113 2541 7115 4233 3226 951 3982
365 4276 7265 8152 5225 2829 9390 6809 7093 1477 9115 4343 6812 9013
366 9841 1053 7498 8255 547 4554 9459 1722 6295 7933
367 1573 567 5682 3357 8270 587 3237 9626 7686 5815 8919 7652
368 8550 3179 8263 8444 9334 4100 5157 1146 3675 9467
369 8760 5464 1109 6017 5319 9490 2850 5181 7056 2383 8994 5715
370 1228 2680 9612 7923 9434 5733 4956 1892 9107 1256 6030 7782
371 7571 6441 6206 2614 1797 3129 4440 8176 7157 8533 8566 4107 8495 7296
372 9128 271 7603 2094 9926 7678 5015 9935 6817 610 420
373 3735 6497 9596 3246 1212 2378 8012 8942 8121 9741 6216 3602 1454 7762
374 9610 287 215 2514 5302 7880 4724 3741 9558 6052 3081 834 2114 1358 8345 5848
375 5364 2178 9360 2245 5414 5330 8697 8608 1289 7762
376 4182 2130 493 8577 6165 4243 5045 2079 5442 4636 4531 1979
377 1830 3756 4266 6733 67 2675 5517 6293 4466 5 5110 9270
378 1883 134 6278 8178 2576 4655 9450 1550 1531 5462 7791 7153
379 5941 7873 2377 8537 375 117 5008 1183 131 137 3612 6482 2
380 1592 6710 500 548 662 7407 8334 7010 5752 8883 4176
381 3100 2015 9308 1251 9682 7124 1753 5183 5883 7085 3830
382 2948 8585 7140 1803 7764 5024 4791 2632 1429 8994
383 9353 6897 2825 470 3494 6713 2980 263 1569 7088
384 2639 3493 73 531 2328 7817 1935 1319 974 2883 2863 456 7296 9139 6054
385 9987 5658 509 7230 8432 3514 1271 6374 207 568 2158 935
386 1913 5454 1364 2297 2722 1591 2348 9641 8123 4402 5043 935
387 3224 451 1514 8749 873 1001 3852 5780 3739 8141 4939 6258
388 1507 2159 7222 8441 7537 6658 6605 2914 1806 4049 3397 6817 1601 7883
389 5372 5378 2425 9572 2588 2761 9856 4444 3830 2643 3783
390 8427 8 7466 3202 9309 3440 1268 1914 7972 1430 221 1868 5029 7413
391 6379 5431 4391 9123 407 4198 4261 1392 7715 6044 5848 7438
392 8521 2510 1259 1376 5128 6120 5008 2021 3656 2183 6044 935 5715
393 1003 2306 1712 2479 9590 3531 4166 4836 5638 3232 9551 6672
394 5524 1463 3617 4708 320 9246 6906 1978 5813 6970 1657 8431
395 1747 4529 8749 2913 8490 6002 424 4357 7951 7299 6635 7429
396 7348 3536 3055 291 5009 9264 3606 9072 8743 6476 8406
397 8606 3324 491 2270 4980 1606 2509 1348 4382 6305 2182
398 7170 3769 9280 5229 8317 8596 6242 7767 5122 4230 9043 7699
399 6232 6928 8772 3598 2717 5640 6466 4980 3120 6683 267 8140 3163 3371
400 3592 8903 1032 8083 8151 6603 5316 8350 9629 3695 4284 2679 6115 447
401 9020 2757 9153 9209 6383 9034 8405 4986 9592 144 4626 7880 8406 7413 2340
402 8717 5221 4344 5058 4429 1997 5827 1129 6106 9663 5483 5064
403 9752 5669 2343 7205 1082 7447 3315 5706 7360 8920 4985
404 5991 2054 9035 1156 4510 7714 77 9025 4678 9167 138 3465 9551 1625
405 9353 8234 4447 8449 8819 460 3168 798 7719 9330 7575
406 8642 9232 2007 214 2582 9336 2703 4425 8618 9496 7575 7296
407 3007 3439 7318 8927 750 8335 77 491 5557 191 1983 8439 2155 5869 8671
408 7398 1439 9291 8044 1825 9118 9519 3594 7294 8880 7545 1668
409 5480 1033 2257 9474 6690 3769 4877 8391 3240
410 7307 7506 7271 7662 6439 1075 9969 4578 8163 4801 2192 7880 6827
411 4443 224 6531 8270 3555 7532 2442 2484 326 6701 6650 5156
412 8988 5179 5442 3534 2092 9329 5977 464 2294 2260 1625
413 7913 341 9408 6878 4601 9937 7109 5704 4011 2583 2892 8994
414 323 2559 5958 9099 3225 3176 2296 621 1344 7593 4988 5397 2533 4855
415 9445 3816 9432 9077 7385 1765 7391 8400 1486 3220 8986 912 2013 2240
416 1594 3018 3791 7213 8720 1612 6456 6837 7750 3681
417 4445 7584 512 2445 164 8240 7222 9359 3763 4436 1157 310 3936
418 7973 3102 4071 1347 2507 348 411 4090 1468 6540 2537
419 6075 2514 8638 3455 3406 7654 32 6661 6907 1169
420 5958 9009 4992 1926 6935 1226 9331 3189 7147 2407 447 3827 8125
421 6325 1127 4380 5235 5548 2379 8788 8234 4394 254 420 2615 3376
422 8118 5032 9873 3070 7113 7881 5832 7405 5206 2703 3576 1984
423 2305 1363 2669 6834 6238 3577 59 4638 3147 1687 7862 9834 2962
424 144 91 5739 2838 1347 9250 7094 8019 1464 1042
425 207 3324 5062 8873 4472 8385 3003 4589 1193 9387 2698 5060 7439 6547
426 6724 1872 5263 3912 3934 8598 9213 2381 5319 7023 4107 4199
427 1015 3716 8422 2854 43 2347 8903 9500 4423 9623 6537
428 2821 7274 3559 4837 6260 7403 6521 4425 7859 2263 6855 2416 352 2962
429 2068 7403 5503 9568 7528 5603 2816 4100 7657 5572 5862 6054
430 661 2940 3655 8521 3257 7181 1408 8341 4586 88 9075 6613
431 8385 2402 8996 506 1115 649 5327 3416 6130 9043 6938
432 8224 5058 5823 6985 6090 7675 5681 581 1263 4313 7519 5917 9244
433 5456 8175 7214 8389 2452 2590 4452 1286 851 3379
434 6501 6420 5822 4559 9810 1088 189 8521 5964
435 6493 2354 6590 9016 5642 8673 8047 5852 2304 780 2013 935
436 9983 4231 5882 7735 2286 7537 631 5590 1455 8934 2704 5758
437 6328 632 7312 6383 4212 8575 5194 773 8653 6213 3883 8470 9968
438 630 8196 2113 6265 7359 5285 3918 3296 2812 9205 4311 427
439 4485 3293 3389 4750 1115 4953 7386 3440 7048 2858
440 2707 820 8511 3770 2012 7876 384 3048 9195 6726 9096 5175 2001 4501 3074
441 3467 1718 2402 3557 7257 1278 6783 7957 8387 4326
442 9471 8984 3912 1411 7081 8045 5284 9273 1479 6652 3885 8125 5762
443 2450 5262 1158 254 580 2118 7700 8483 6804 7782 6458
444 6825 5343 6936 6255 5495 3614 2063 4700 8267 8105 7709
445 655 4706 6888 1168 4578 8536 6388 4768 8319 4086 2753 2264 8431 7153 2
446 48 3202 2331 8720 7711 9049 3867 3099 3022 3958 2058 9852 3023 7709
447 7027 6056 2942 6176 1590 9977 9776 6121 771 2733 5219 1216 4664
448 6165 261 9557 2205 7292 72 5271 9937 1816 8824 7133
449 2971 7344 3969 6641 6125 1513 5567 6704 9616 9587 3079 652 7120
450 4082 9513 2627 4441 2830 9743 2886 7515 7987 8445 4002 3376
451 6064 9939 6937 6697 5753 5123 756 3839 4880 8852 1772 3012 3074 7652
452 7847 4118 3418 5291 1359 2853 2163 6234 8693 6134
453 3122 3641 4863 9450 323 7978 1279 4025 9941 5814 2666
454 6619 123 1837 799 1243 1736 2257 3502 6702 604 9341 7373 4823
455 9864 6520 4656 7385 7879 5372 3211 9543 3105 3916 5748
456 7311 1402 5285 8488 8191 8196 6185 680 5660 2260 3173 3783 5307
457 8271 2632 5473 489 8114 3446 470 9784 6364 6458 6030
458 2104 2174 3109 8771 8638 906 2299 5246 9726 9858 7055
459 5491 4931 5044 95 9159 9363 5077 9136 4718 3689 2158 7791 3936
460 8076 2602 4702 8532 1247 9180 4621 6398 2714 8046 712 2128 7883
461 229 5314 3971 3534 2038 5878 9506 2221 9669 1139
462 7478 6453 226 7209 7026 3775 9785 2942 2502 2417 5709 960 4027 4985 2340
463 9711 8762 8668 7879 957 1435 9226 6188 1729 7472 4923 1079 9199
464 9064 4330 9234 2054 160 3482 2901 8486 2877 4369 4765
465 4990 4873 4050 2361 1757 8933 4041 5858 6160 6563 9579 9129 1710
466 8013 2026 8138 8166 4669 6249 1448 293 6779 8431 7997
467 2275 1582 7278 3486 6794 7967 306 55 5542 2895 3270 6836 4314 7240 3885 7949
468 692 8093 7127 3062 6730 2826 1259 4499 9723 9682 979
469 9243 1663 6112 4391 3570 5561 5705 7917 6196
470 9302 3591 1494 5640 3888 9722 2694 4809 2433 9244 3163
471 5256 1053 7110 279 8469 9306 939 8975 1280 3058 5044 1117 9968
472 1806 7146 4309 3592 404 5018 9339 6530 7372 5692 654 5605 4824 3077 4985 8125
473 8346 5537 2116 6628 1109 8408 312 2145 7541 3056 7063 6938
474 5587 7401 1113 9747 3884 924 9702 9844 1654 9236 1542 9244
475 4440 915 8745 4058 5404 5592 6858 6635 4749 2383 6250 3371 8994 5962
476 9543 3200 1701 6788 6278 9775 8386 4638 1253 3047 6893 5457 9086 2615
477 6971 8772 6319 3669 9460 1461 6708 1149 3565 6497 4907 1557 2121 9533 9968 2240 2962
478 9018 7277 7680 5851 3848 9790 2134 2034 5385 8470 8212
479 3271 4953 8303 4014 5641 5996 972 2297 8662 7549 1852 6744 9615
480 4781 8437 4952 6501 3399 4621 114 1094 1833 8104 9968
481 6702 3422 8546 4147 4608 6726 3813 1200 1268 4606 2537 9453
482 587 7427 7460 7181 9650 739 5216 5421 2097 7933 8019 4561 6404
483 8463 2941 1163 959 8459 2474 7052 1269 3950 7883
484 4456 9401 7980 3721 7371 4146 3296 9163 8224 4604 712 1752
485 1683 3616 6582 2539 9372 4681 759 2478 2205 6047 2891 6999 6187 5880
486 4193 2587 6654 9634 2492 8620 2084 7139 6258
487 5130 9067 1406 7450 2563 486 2039 9813 4803 2863 7219 1534 745
488 5041 2594 8351 6506 194 6267 5180 5518 4037 1800 6352 7162 267
489 7558 2186 7649 1372 8669 2504 4120 8245 9292 4071 9545 7949
490 3711 8076 4152 2097 7840 9334 3440 9085 9120 3081 7874 5748
491 5246 4456 2332 2311 8962 8596 2045 1613 9191 3377
492 1284 9202 1590 8415 4489 6114 2559 9238 203 9123 6889 9050 76 5219 3074
493 2749 1431 1714 1664 5227 9737 9937 9606 9757 3665
494 7620 5760 2975 1938 5109 7538 6006 2377 9014 4010 7474 9244 3012
495 555 9921 5388 6183 7727 923 5626 4518 1183 6962 6584 1328
496 84 8230 7196 1507 4966 1973 2459 1863 2936 4929 1042 4728
497 3436 9146 4005 3175 971 2172 4135 3740 7958 7434
498 7760 8917 7207 6595 5830 1573 8467 2303 9013 8056 9075 6258
499 2861 4067 2130 3134 4800 7067 8271 3552 8693 7710
