100
0 0 317 1 77 378 4287 423 20 816 3506 225 39 19 476 12 2 46 11 3 3666 10 3649 49 26 5 120
1 22 43 0 1 46 68 20 2 6 87 9872 7123 21 128 51 32 192 903 111 1810 107 295 5 4 575 357 355 175 909 968 138
2 43 753 40 2 130 0 905 439 1 39 276 1962 339 26 341 4 2339 141 110 528 33 25 1993 52 126
3 60 3 32 0 168 366 2328 34 1 4132 1032 106 192 7241 96 6121 6845 25 23 4 2 688 458 10 76 48 681 7 155 120
4 597 244 11 0 1 1589 3632 185 10 1713 3 4 174 12 6 2 2600 312 43 17 87 202 46 7833 859 797 1290
5 0 1 308 618 177 29 54 49 1127 46 63 10 16 24 320 9 2 244 2933 453 4 6 132 31 115 23 3 1215 27 404
6 399 106 3 771 917 1 2 1015 0 10 15 4547 7 99 34 67 6 25 31 4 472 1129 24 37 138 155
7 600 0 1 133 3 16 4 874 806 2398 5 24 75 6 200 1288 7651 275 12 140 496 2 135 240 48 1912 161 22 1495
8 2446 1675 1 4588 56 0 452 7749 24 2 36 86 777 678 71 367 477 111 18 2724 1432 1858 181 10 4097 11 1540 2060
9 242 0 2 154 26 64 1 2378 25 1501 3 227 42 757 1427 88 1248 13 220 142 100 165 6 24 23 28 442
10 1410 1 100 4529 0 3724 129 59 2638 3906 19 16 2192 22 80 44 37 5 89 2 413 6032 12 336 10 7 395 869
11 0 34 1 110 16 132 4 39 7641 50 81 2 12 76 1328 6772 5261 722 281 86 4360 1179 32 21 14 3 867 4487 138
12 369 3156 1461 0 2 5 180 13 1 24 25 500 18 276 93 36 48 886 1158 233 9916 3 652 242 20 15 977 155
13 0 2989 3935 1039 12 1 3 41 4 232 1665 608 295 2606 2 4489 218 605 435 3601 3122 42 7 208 677 901 7624
14 68 23 8909 2 623 3 1109 7202 0 43 3099 1 6 12 45 70 430 52 48 7881 4723 160 4766 986
15 2546 299 0 3 74 1428 7 10 81 232 89 203 5078 53 1 68 64 216 2990 4 151 522 802 17 34 2 1088 15 5 6628 1572
16 3 4 1 726 756 75 0 296 64 133 34 39 31 46 203 129 21 26 1461 33 7 3364 13 2906 4589 28 102 3057
17 5 1 18 3 26 25 16 0 4 353 904 104 347 56 3217 362 460 48 1292 281 40 86 39 642 92 62 7
18 0 214 7 1 10 4 163 3 26 14 290 130 6924 2 43 30 520 241 9 151 467 16 15 12 200 34 18 83 436 78 8 355 1495
19
20 0 1 42 5 9740 2 5165 1655 399 133 35 29 24 11 188 12 3 43 6 2583 15 6357 4 86 923 13 7 6882 6138
21 0 67 1 4 795 1174 3554 92 186 3213 47 3401 20 115 98 1947 17 50 54 2095 630 33 51 472 2 1746 3853 9 7 1929 1597 5921 1671
22
23 3 0 18 116 5 2 1029 902 14 1 6 318 721 522 1047 237 412 220 9 38 239 195 10 130 525 28 725
24 2033 0 127 6 656 1 64 203 83 31 217 25 40 2 116 2580 186 3 175 29 7680 87 8 433 8754 1225 3477 1737 3244
25 60 5 445 108 1 1257 0 10 3 1425 1056 2335 7 87 2566 93 933 122 889 17 7579 79 738 6855 4635 4469 5448 138
26 0 3 4189 29 115 232 12 944 2108 4 467 14 450 13 3755 1 6354 24 181 2 5 6302 37 66 7 929 22 320 1809 9030 554 1384
27 222 588 1 54 23 10 4773 0 441 3 3184 26 308 579 67 162 1257 6 568 2 8942 32 19 12 7378 361 7 968
28 2952 24 1 0 85 618 6 2491 44 12 90 13 274 2763 297 41 1581 1624 3 2 328 2389 576 11 22 7 54 8017 8 126 1263
29 0 151 137 1 2660 34 2010 4420 13 18 32 918 119 2 1253 1219 77 37 399 159 220 6 22 106 3 550 5 301 290 2757 583 2848
30 31 6 4387 182 7726 3 0 1 803 105 34 711 1116 227 4 5747 3030 25 1024 127 2 264 79 26 16 6369
31 3173 25 20 8601 5 0 2 188 3532 46 1 115 3 6 4 240 479 111 7 34 701 45 440 19 44 59 623 2647 16 1912 554
32 0 1 440 1107 3 1191 127 14 68 6303 2426 2944 2 2384 424 10 8176 50 23 1003 16 7723 558 22 6 3054 9 968 9517
33 67 0 31 71 1 36 8 234 154 45 2 168 51 7493 5618 54 606 4471 5 262 52 4 10 494 50 6 41 148 3106 2264
34 4 0 8 2 40 3 334 1 34 2178 25 7031 861 13 5187 247 10 42 52 1895 6487 2030 75 5220 4424 176 3585 7360
35 116 11 2 1 5 934 0 4 41 3 345 3878 559 17 245 8480 182 43 73 326 7 537 214 2763 77 278 32 14 6347
36 0 47 492 51 26 17 1 1416 12 108 2522 104 3 7 3662 33 10 2007 43 4204 48 464 2 101 9 155
37 6 1 48 204 24 16 2580 7 4259 3000 2 0 3 124 4 239 580 116 8982 8473 667 452 12 314 9848 985 138
38 560 71 295 0 66 527 99 80 2 110 11 3 7899 16 18 943 1 9825 438 154 24 59 276 104 218 152 155
39 12 2 799 4911 0 1 190 49 7161 4 1619 31 9770 538 1382 40 586 77 226 320 125 7296 7770 424 199
40
41 8743 11 1 3 4 1576 9 0 1098 6397 1091 6 52 6869 129 1293 152 5 15 59 143 2 128 1767 14 448 223 12 65 389 1502
42 20 113 42 10 12 1 0 5168 733 4 94 4345 66 2419 2 208 4884 11 691 72 18 1563 390 3761 2364 3 4061 900
43 2 0 91 113 6 3626 892 4535 378 3 49 233 67 4727 17 10 2128 917 201 3772 66 40 32 422 65 1780 1290 869
44 1 29 68 28 3 0 39 1915 394 34 18 8970 5 8 7 469 2 6 94 4 30 77 20 1213 323 5064 45 3244
45 3 4 0 5 68 1 2 7320 7 71 6773 423 2771 10 35 2424 1226 16 59 336 4439 98 466 659 173 3422 2789 8728 442 554
46 1 4711 1423 3064 4 2712 0 15 51 307 38 75 6 39 3083 3 1069 6008 18 7717 5 921 6608 808 2 2546 87 395 166 3097
47 56 472 4701 4 0 29 1 287 1402 200 3 32 13 3947 548 6 16 3218 7 162 2693 6088 127 1372 4309 65 5603 2513
48 40 12 1869 8423 0 10 129 467 3406 4 3 405 1 2096 30 465 361 50 6862 6 9880 64 9 8855 474 5 8 155 1572 6337
49 1 283 0 338 1857 885 43 7 2 2165 11 465 89 83 3511 685 173 4 6061 3 2839 39 6 5
50
51
52 1 11 6662 911 0 1759 2725 33 2207 2 401 479 50 53 3 3247 1193 6 109 29 14 5233 174 93 3215 850 8271 155 1671
53 0 136 4 6 1 366 1887 936 1934 204 7470 124 150 1203 352 2627 5 85 6763 3 447 4415 7 8 145 9 3097
54 0 4 2381 1 32 13 52 49 3550 577 31 45 258 12 64 5 4912 1906 39 1254 6 2 354 34 35 2151 28 321 552 2955 4247
55 0 1142 4 1 3 2 831 95 6 5 617 5478 1419 279 105 315 4310 6011 36 66 808 39 18 676 248 13 708 3477
56 258 0 113 43 20 3 238 2 1 4 945 829 48 505 36 1061 415 42 3130 45 1490 49 7328 33 1155 145 1112 2744
57 1 0 104 3 4625 548 3738 5573 2 870 505 5817 337 326 59 4 1366 98 336 15 8868 175 46 9 293 8 63 485 3849
58
59 254 504 93 10 966 59 1501 0 2454 47 507 855 2 13 1637 3 56 9161 1 25 12 4867 33 1688 468
60 17 0 1170 1 4 677 3 13 1623 226 50 23 16 843 5 11 438 113 49 26 944 9837 24 3636 822 9 364 12 164 184
61 1 2 217 16 0 3476 3 474 8912 33 48 89 54 6 24 58 134 7752 7260 43 36 4 15 1071 112 299 3348 482
62 1 18 53 21 20 2272 0 59 12 743 38 32 2625 76 3 14 4679 68 6 10 26 98 9631 1015 6481 5921
63 582 85 1 469 84 0 4 89 32 6 479 3 10 2 608 50 9087 3971 1283 4476 5 39 318 328 11 69 138
64 1 18 0 3 85 47 673 6 24 225 129 4 7457 54 12 38 50 10 518 31 7 89 127 1492 727 9
65 77 7701 10 12 1 22 165 97 3 5 0 68 30 173 3059 2496 360 46 8436 15 1848 1129 19 505 417 797 967 4148 554 867 1263 1502
66 1360 1 1634 18 67 33 3271 31 25 3 0 1645 7406 586 4260 4557 2 32 83 5 48 151 1975 8151 5163 919 14 2513 3684 859
67 941 0 3369 39 2 10 876 16 665 165 18 5 26 1 99 3894 1004 1675 173 194 17 3 4 24 76 1301 539 155 4977 621 2153
68 0 14 349 1 18 3545 3 79 10 844 38 214 56 5 291 832 43 40 573 1260 215 7311 50 846 739 8 7677
69 3 0 10 98 2 1 18 4 12 71 368 14 2527 8886 51 81 29 158 1422 6 39 1887 17 552 3860 341 57 7 69 6459
70 208 1624 3 84 33 1 0 183 101 2 5 89 43 20 17 150 1505 24 4 47 55 18 227 16 27 9354 11 1321 1131 8 583 3097
71 101 435 141 0 580 3 254 31 68 381 478 137 5 64 3929 606 2506 2 2316 1 128 950 51 27 725
72 0 1 641 535 4508 4354 3 64 6 5 1188 42 4498 59 174 26 47 43 3043 2179 328 3566 438 8 9824 708 138
73 4 1 20 464 1427 35 0 64 40 241 10 252 113 2 71 235 1922 287 99 9334 11 6 97 25 6629 16 1981 1468
74 71 0 6670 48 300 1 7 26 1041 20 9230 3 766 61 42 33 1585 4374 405 9495 10 5428 700 7559 696 4 167 2610 28 8450
75 719 0 59 2 74 223 2386 31 56 1 531 17 352 4911 930 3122 242 5 13 6257 1022 7 4 1622 1963 195 8334 1077 138
76 29 66 4 25 0 6624 1307 47 53 2 7328 282 806 51 31 3292 1 3 947 324 4062 963 185 7 5 7918
77 2367 1866 0 14 26 237 111 1279 3 463 10 28 53 101 40 1 406 3784 610 225 266 68 49 56 20 138 3244
78 1 0 24 483 5 3 6 5451 160 262 46 30 4 39 143 14 458 1484 581 263 57 100 89 10 33 35 554
79 40 0 1 801 3 5006 1010 601 49 862 17 4 70 399 301 18 36 6 15 1695 31 6691 98 270 60 1051 583
80 1 174 3 0 50 141 64 222 18 7484 6432 39 4 5117 379 1148 71 7978 9749 98 168 279 593 728 426 9915 5276 1502
81
82 16 1199 1867 1 623 389 3 199 113 368 52 0 87 11 29 10 6 383 5 498 456 1969 393 31 247 45 1407 4 65
83 4651 0 1 530 579 2382 64 32 200 70 49 26 5227 33 13 201 154 2 12 160 3 4134 9174 16 228 4291 355 583 176 968 138
84 0 3 93 153 85 111 9219 64 1250 18 242 1 4 227 5445 1229 12 15 8 122 51 7451 1085 239 371 72 1482 138 1310 2818 7055
85 2 6038 113 3898 32 64 1 20 0 46 4 645 6261 25 3 144 16 202 846 10 559 170 5 6381 442 6729
86 1 2381 59 68 0 12 79 569 10 78 283 3 798 9 202 43 481 1635 2 87 4 11 18 14 6 86 1571 5862
87 18 0 4 3 2 1 320 1318 573 46 246 254 239 24 76 9539 7691 101 36 228 160 29 26 16 2325 2076 1334
88 3 370 0 4 1 16 159 94 4642 2 6868 2034 95 33 60 263 362 24 3618 5667 7699 49 17 660 11 42 878 773 621 6049
89 75 191 1021 10 1738 0 1 17 7860 7189 3 29 32 112 4 12 111 40 714 794 366 25 20 11 8 1384 9584 1737
90 0 68 559 9486 28 3 41 1 466 6428 2 110 17 177 298 1652 40 499 1010 136 67 195 143 11 14 575 472 5313
91 251 84 24 1 74 923 3 141 0 46 620 437 2615 163 38 134 128 8 5 10 4353 53 2868 54 6166 4555 78 2142 309
92 1 67 579 47 52 51 0 2 36 10 170 81 110 6 93 134 3 368 1056 4356 6660 821 82 1014 9 7 8080
93 2179 3 3292 0 4 1 43 3730 1906 10 111 874 4654 2 435 12 54 1901 16 51 177 160 4709 9 2138 3767
94 852 1 12 2 0 5 1869 51 2384 29 8687 1924 24 136 1229 165 4 505 405 141 41 3 230 215 7 15 919 2264
95 79 0 19 1895 2035 366 5 3 4 9876 1 37 9412 17 24 4225 4512 168 456 607 59 6 154 4189 16 25 21 112 449 3244
96 0 34 29 1 6269 4 16 18 4304 10 2 60 79 418 90 31 24 154 5 799 401 91 5656 667 194 8 184 2780 3975
97 0 780 345 185 93 2620 1 487 297 127 180 1383 9165 1035 3 493 225 4470 12 81 6 380 20 5 138 468
98 1 33 0 240 13 311 99 68 3001 141 4 23 1687 22 6 237 21 1094 1519 61 47 9512 192 1076 76 3046
99 0 1 732 2 6937 31 158 191 16 60 147 98 4127 6224 7252 428 12 5 490 187 3 277 1167 177 293 11 117 10 352 966 2841 1310 7624
